<?xml version="1.0" encoding="UTF-8"?>
<!-- Generated by org.testng.reporters.JUnitReportReporter -->
<testsuite skipped="0" hostname="Ruslans-MacBook-Pro.local" name="samples.sampleTest" tests="1" failures="0" timestamp="21 May 2018 10:17:39 GMT" time="0.007" errors="0">
  <testcase name="first" time="0.007" classname="samples.sampleTest"/>
</testsuite> <!-- samples.sampleTest -->
